Using pre-set license
Built from '2022.3/staging' branch; Version is '2022.3.44f1 (c3ae09b9f03c) revision 12824073'; Using compiler version '192829333'; Build Type 'Release'
OS: 'Windows 10  (10.0.19045) 64bit CoreSingleLanguage' Language: 'ru' Physical Memory: 16085 MB
BatchMode: 1, IsHumanControllingUs: 0, StartBugReporterOnCrash: 0, Is64bit: 1, IsPro: 1

COMMAND LINE ARGUMENTS:
D:\programs\gameCreating\2022.3.44f1\Editor\Unity.exe
-adb2
-batchMode
-noUpm
-name
AssetImportWorker0
-projectPath
D:/programs/unityProjs/Tower1
-logFile
Logs/AssetImportWorker0.log
-srvPort
51314
Successfully changed project path to: D:/programs/unityProjs/Tower1
D:/programs/unityProjs/Tower1
[UnityMemory] Configuration Parameters - Can be set up in boot.config
    "memorysetup-bucket-allocator-granularity=16"
    "memorysetup-bucket-allocator-bucket-count=8"
    "memorysetup-bucket-allocator-block-size=33554432"
    "memorysetup-bucket-allocator-block-count=8"
    "memorysetup-main-allocator-block-size=16777216"
    "memorysetup-thread-allocator-block-size=16777216"
    "memorysetup-gfx-main-allocator-block-size=16777216"
    "memorysetup-gfx-thread-allocator-block-size=16777216"
    "memorysetup-cache-allocator-block-size=4194304"
    "memorysetup-typetree-allocator-block-size=2097152"
    "memorysetup-profiler-bucket-allocator-granularity=16"
    "memorysetup-profiler-bucket-allocator-bucket-count=8"
    "memorysetup-profiler-bucket-allocator-block-size=33554432"
    "memorysetup-profiler-bucket-allocator-block-count=8"
    "memorysetup-profiler-allocator-block-size=16777216"
    "memorysetup-profiler-editor-allocator-block-size=1048576"
    "memorysetup-temp-allocator-size-main=16777216"
    "memorysetup-job-temp-allocator-block-size=2097152"
    "memorysetup-job-temp-allocator-block-size-background=1048576"
    "memorysetup-job-temp-allocator-reduction-small-platforms=262144"
    "memorysetup-allocator-temp-initial-block-size-main=262144"
    "memorysetup-allocator-temp-initial-block-size-worker=262144"
    "memorysetup-temp-allocator-size-background-worker=32768"
    "memorysetup-temp-allocator-size-job-worker=262144"
    "memorysetup-temp-allocator-size-preload-manager=33554432"
    "memorysetup-temp-allocator-size-nav-mesh-worker=65536"
    "memorysetup-temp-allocator-size-audio-worker=65536"
    "memorysetup-temp-allocator-size-cloud-worker=32768"
    "memorysetup-temp-allocator-size-gi-baking-worker=262144"
    "memorysetup-temp-allocator-size-gfx=262144"
Player connection [1044]  Target information:

Player connection [1044]  * "[IP] 192.168.1.103 [Port] 0 [Flags] 2 [Guid] 821418484 [EditorId] 821418484 [Version] 1048832 [Id] WindowsEditor(7,WIN-FO79Q1TANNA) [Debug] 1 [PackageName] WindowsEditor [ProjectName] Editor" 

Player connection [1044] Host joined multi-casting on [225.0.0.222:54997]...
Player connection [1044] Host joined alternative multi-casting on [225.0.0.222:34997]...
[PhysX] Initialized MultithreadedTaskDispatcher with 12 workers.
Refreshing native plugins compatible for Editor in 1505.59 ms, found 4 plugins.
Preloading 0 native plugins for Editor in 0.00 ms.
Initialize engine version: 2022.3.44f1 (c3ae09b9f03c)
[Subsystems] Discovering subsystems at path D:/programs/gameCreating/2022.3.44f1/Editor/Data/Resources/UnitySubsystems
[Subsystems] Discovering subsystems at path D:/programs/unityProjs/Tower1/Assets
GfxDevice: creating device client; threaded=0; jobified=0
Direct3D:
    Version:  Direct3D 11.0 [level 11.1]
    Renderer: NVIDIA GeForce RTX 3050 Laptop GPU (ID=0x25a2)
    Vendor:   NVIDIA
    VRAM:     3964 MB
    Driver:   32.0.15.7283
Initialize mono
Mono path[0] = 'D:/programs/gameCreating/2022.3.44f1/Editor/Data/Managed'
Mono path[1] = 'D:/programs/gameCreating/2022.3.44f1/Editor/Data/MonoBleedingEdge/lib/mono/unityjit-win32'
Mono config path = 'D:/programs/gameCreating/2022.3.44f1/Editor/Data/MonoBleedingEdge/etc'
Using monoOptions --debugger-agent=transport=dt_socket,embedding=1,server=y,suspend=n,address=127.0.0.1:56340
Begin MonoManager ReloadAssembly
Registering precompiled unity dll's ...
Register platform support module: D:/programs/gameCreating/2022.3.44f1/Editor/Data/PlaybackEngines/WebGLSupport/UnityEditor.WebGL.Extensions.dll
Register platform support module: D:/programs/gameCreating/2022.3.44f1/Editor/Data/PlaybackEngines/WindowsStandaloneSupport/UnityEditor.WindowsStandalone.Extensions.dll
Registered in 0.292617 seconds.
- Loaded All Assemblies, in  7.207 seconds
Native extension for WindowsStandalone target not found
Native extension for WebGL target not found
Mono: successfully reloaded assembly
- Finished resetting the current domain, in  0.270 seconds
Domain Reload Profiling: 7477ms
	BeginReloadAssembly (5406ms)
		ExecutionOrderSort (0ms)
		DisableScriptedObjects (0ms)
		BackupInstance (0ms)
		ReleaseScriptingObjects (0ms)
		CreateAndSetChildDomain (1ms)
	RebuildCommonClasses (404ms)
	RebuildNativeTypeToScriptingClass (9ms)
	initialDomainReloadingComplete (336ms)
	LoadAllAssembliesAndSetupDomain (1053ms)
		LoadAssemblies (5406ms)
		RebuildTransferFunctionScriptingTraits (0ms)
		AnalyzeDomain (1050ms)
			TypeCache.Refresh (1049ms)
				TypeCache.ScanAssembly (763ms)
			ScanForSourceGeneratedMonoScriptInfo (0ms)
			ResolveRequiredComponents (0ms)
	FinalizeReload (270ms)
		ReleaseScriptCaches (0ms)
		RebuildScriptCaches (0ms)
		SetupLoadedEditorAssemblies (228ms)
			LogAssemblyErrors (0ms)
			InitializePlatformSupportModulesInManaged (9ms)
			SetLoadedEditorAssemblies (5ms)
			RefreshPlugins (0ms)
			BeforeProcessingInitializeOnLoad (2ms)
			ProcessInitializeOnLoadAttributes (155ms)
			ProcessInitializeOnLoadMethodAttributes (56ms)
			AfterProcessingInitializeOnLoad (0ms)
			EditorAssembliesLoaded (0ms)
		ExecutionOrderSort2 (0ms)
		AwakeInstancesAfterBackupRestoration (0ms)
========================================================================
Worker process is ready to serve import requests
Caller must complete domain reload
Begin MonoManager ReloadAssembly
- Loaded All Assemblies, in  6.858 seconds
Native extension for WindowsStandalone target not found
Native extension for WebGL target not found
Mono: successfully reloaded assembly
- Finished resetting the current domain, in  0.708 seconds
Domain Reload Profiling: 7566ms
	BeginReloadAssembly (152ms)
		ExecutionOrderSort (0ms)
		DisableScriptedObjects (6ms)
		BackupInstance (0ms)
		ReleaseScriptingObjects (0ms)
		CreateAndSetChildDomain (24ms)
	RebuildCommonClasses (34ms)
	RebuildNativeTypeToScriptingClass (11ms)
	initialDomainReloadingComplete (37ms)
	LoadAllAssembliesAndSetupDomain (6624ms)
		LoadAssemblies (6235ms)
		RebuildTransferFunctionScriptingTraits (0ms)
		AnalyzeDomain (473ms)
			TypeCache.Refresh (444ms)
				TypeCache.ScanAssembly (374ms)
			ScanForSourceGeneratedMonoScriptInfo (22ms)
			ResolveRequiredComponents (6ms)
	FinalizeReload (709ms)
		ReleaseScriptCaches (0ms)
		RebuildScriptCaches (0ms)
		SetupLoadedEditorAssemblies (535ms)
			LogAssemblyErrors (0ms)
			InitializePlatformSupportModulesInManaged (9ms)
			SetLoadedEditorAssemblies (5ms)
			RefreshPlugins (0ms)
			BeforeProcessingInitializeOnLoad (66ms)
			ProcessInitializeOnLoadAttributes (414ms)
			ProcessInitializeOnLoadMethodAttributes (38ms)
			AfterProcessingInitializeOnLoad (3ms)
			EditorAssembliesLoaded (0ms)
		ExecutionOrderSort2 (0ms)
		AwakeInstancesAfterBackupRestoration (6ms)
Launched and connected shader compiler UnityShaderCompiler.exe after 0.09 seconds
Refreshing native plugins compatible for Editor in 3.85 ms, found 4 plugins.
Preloading 0 native plugins for Editor in 0.00 ms.
Unloading 4134 Unused Serialized files (Serialized files now loaded: 0)
Unloading 38 unused Assets / (241.2 KB). Loaded Objects now: 4599.
Memory consumption went from 146.4 MB to 146.2 MB.
Total: 3.155600 ms (FindLiveObjects: 0.285800 ms CreateObjectMapping: 0.099400 ms MarkObjects: 2.569000 ms  DeleteObjects: 0.200100 ms)

AssetImportParameters requested are different than current active one (requested -> active):
  custom:container-demuxer-ogg: 62fdf1f143b41e24485cea50d1cbac27 -> 
  custom:video-decoder-ogg-theora: a1e56fd34408186e4bbccfd4996cb3dc -> 
  custom:framework-win-MediaFoundation: 216162199b28c13a410421893ffa2e32 -> 
  custom:CustomObjectIndexerAttribute: 9a22284fe3817be447336de3de66b15e -> 
  custom:container-demuxer-webm: 4f35f7cbe854078d1ac9338744f61a02 -> 
  custom:container-muxer-webm: aa71ff27fc2769a1b78a27578f13a17b -> 
  custom:video-decoder-webm-vp8: 9c59270c3fd7afecdb556c50c9e8de78 -> 
  custom:SearchIndexIgnoredProperties: e643bd26f0fe6173181afceb89e7c659 -> 
  custom:AudioImporter_EditorPlatform: d09bf68614088b80899f8185d706f6e7 -> 
  custom:video-encoder-webm-vp8: eb34c28f22e8b96e1ab97ce403110664 -> 
  custom:audio-decoder-ogg-vorbis: bf7c407c2cedff20999df2af8eb42d56 -> 
  custom:audio-encoder-webm-vorbis: bf7c407c2cedff20999df2af8eb42d56 -> 
========================================================================
Received Import Request.
  Time since last request: 1216.275953 seconds.
  path: Assets/Images/Battle/soldier
  artifactKey: Guid(c44e344caf920b24686e76b9dddc18c1) Importer(815301076,1909f56bfc062723c751e8b465ee728b)
Start importing Assets/Images/Battle/soldier using Guid(c44e344caf920b24686e76b9dddc18c1) Importer(815301076,1909f56bfc062723c751e8b465ee728b) [PhysX] Initialized MultithreadedTaskDispatcher with 12 workers.
 -> (artifact id: '0ca7b81515bf62f95acf6c4539a6ddcf') in 0.002824 seconds
Number of updated asset objects reloaded before import = 0
Number of asset objects unloaded after import = 0
========================================================================
Received Import Request.
  Time since last request: 0.000029 seconds.
  path: Assets/Images/Battle/soldier/soldier attack.png
  artifactKey: Guid(f720f1f1a63d66c41b33f08d13d64ae4) Importer(815301076,1909f56bfc062723c751e8b465ee728b)
Start importing Assets/Images/Battle/soldier/soldier attack.png using Guid(f720f1f1a63d66c41b33f08d13d64ae4) Importer(815301076,1909f56bfc062723c751e8b465ee728b) [PhysX] Initialized MultithreadedTaskDispatcher with 12 workers.
[PhysX] Initialized MultithreadedTaskDispatcher with 12 workers.
 -> (artifact id: 'b3f8f6a80943a791239fc3a6d66c12de') in 0.087115 seconds
Number of updated asset objects reloaded before import = 0
Number of asset objects unloaded after import = 3
========================================================================
Received Import Request.
  Time since last request: 3.330295 seconds.
  path: Assets/sprites/downloaded/Soldier_2/Shot_2.png
  artifactKey: Guid(3283b6a2b090073428ed51466be51836) Importer(815301076,1909f56bfc062723c751e8b465ee728b)
Start importing Assets/sprites/downloaded/Soldier_2/Shot_2.png using Guid(3283b6a2b090073428ed51466be51836) Importer(815301076,1909f56bfc062723c751e8b465ee728b) [PhysX] Initialized MultithreadedTaskDispatcher with 12 workers.
[PhysX] Initialized MultithreadedTaskDispatcher with 12 workers.
 -> (artifact id: '5cbda006f8b1dda9e143eb21b29ddabc') in 0.014319 seconds
Number of updated asset objects reloaded before import = 0
Number of asset objects unloaded after import = 3
========================================================================
Received Import Request.
  Time since last request: 0.000026 seconds.
  path: Assets/sprites/downloaded/Soldier_2/Walk.png
  artifactKey: Guid(2d9dbaab4144ebe4ea13646076fe18da) Importer(815301076,1909f56bfc062723c751e8b465ee728b)
Start importing Assets/sprites/downloaded/Soldier_2/Walk.png using Guid(2d9dbaab4144ebe4ea13646076fe18da) Importer(815301076,1909f56bfc062723c751e8b465ee728b) [PhysX] Initialized MultithreadedTaskDispatcher with 12 workers.
[PhysX] Initialized MultithreadedTaskDispatcher with 12 workers.
 -> (artifact id: 'b66e9ff7df423b8493980a9e4f64d7fe') in 0.017436 seconds
Number of updated asset objects reloaded before import = 0
Number of asset objects unloaded after import = 3
========================================================================
Received Import Request.
  Time since last request: 0.753564 seconds.
  path: Assets/sprites/downloaded/Soldier_3/Shot_2.png
  artifactKey: Guid(13bdd0621d271c04c8ec3b83bb169ecb) Importer(815301076,1909f56bfc062723c751e8b465ee728b)
Start importing Assets/sprites/downloaded/Soldier_3/Shot_2.png using Guid(13bdd0621d271c04c8ec3b83bb169ecb) Importer(815301076,1909f56bfc062723c751e8b465ee728b) [PhysX] Initialized MultithreadedTaskDispatcher with 12 workers.
[PhysX] Initialized MultithreadedTaskDispatcher with 12 workers.
 -> (artifact id: '34fbb16d03e9b161a554d87779021112') in 0.013521 seconds
Number of updated asset objects reloaded before import = 0
Number of asset objects unloaded after import = 3
========================================================================
Received Import Request.
  Time since last request: 0.023857 seconds.
  path: Assets/sprites/downloaded/Soldier_2/Run.png
  artifactKey: Guid(e9ef297681cfefa42b84c5914400a48a) Importer(815301076,1909f56bfc062723c751e8b465ee728b)
Start importing Assets/sprites/downloaded/Soldier_2/Run.png using Guid(e9ef297681cfefa42b84c5914400a48a) Importer(815301076,1909f56bfc062723c751e8b465ee728b) [PhysX] Initialized MultithreadedTaskDispatcher with 12 workers.
[PhysX] Initialized MultithreadedTaskDispatcher with 12 workers.
 -> (artifact id: 'c852bc8f119ad587a7192109546adb85') in 0.012283 seconds
Number of updated asset objects reloaded before import = 0
Number of asset objects unloaded after import = 3
========================================================================
Received Import Request.
  Time since last request: 0.000020 seconds.
  path: Assets/sprites/downloaded/Soldier_3/Shot_1.png
  artifactKey: Guid(f76895bf7265f764083e337a12ac54ea) Importer(815301076,1909f56bfc062723c751e8b465ee728b)
Start importing Assets/sprites/downloaded/Soldier_3/Shot_1.png using Guid(f76895bf7265f764083e337a12ac54ea) Importer(815301076,1909f56bfc062723c751e8b465ee728b) [PhysX] Initialized MultithreadedTaskDispatcher with 12 workers.
[PhysX] Initialized MultithreadedTaskDispatcher with 12 workers.
 -> (artifact id: 'd3ec4b5b8bd1af11008178d827dc5e2b') in 0.015030 seconds
Number of updated asset objects reloaded before import = 0
Number of asset objects unloaded after import = 3
========================================================================
Received Import Request.
  Time since last request: 0.305926 seconds.
  path: Assets/sprites/downloaded/Soldier_3/Run.png
  artifactKey: Guid(35bd05bfa8997304b8276d1c8e4907be) Importer(815301076,1909f56bfc062723c751e8b465ee728b)
Start importing Assets/sprites/downloaded/Soldier_3/Run.png using Guid(35bd05bfa8997304b8276d1c8e4907be) Importer(815301076,1909f56bfc062723c751e8b465ee728b) [PhysX] Initialized MultithreadedTaskDispatcher with 12 workers.
[PhysX] Initialized MultithreadedTaskDispatcher with 12 workers.
 -> (artifact id: '8b86c03fe027f3056c1fcec1e746adc0') in 0.013883 seconds
Number of updated asset objects reloaded before import = 0
Number of asset objects unloaded after import = 3
========================================================================
Received Import Request.
  Time since last request: 0.006439 seconds.
  path: Assets/sprites/downloaded/Soldier_2/Recharge.png
  artifactKey: Guid(b4bc5824fc3780042bbd68e6a25bb8b6) Importer(815301076,1909f56bfc062723c751e8b465ee728b)
Start importing Assets/sprites/downloaded/Soldier_2/Recharge.png using Guid(b4bc5824fc3780042bbd68e6a25bb8b6) Importer(815301076,1909f56bfc062723c751e8b465ee728b) [PhysX] Initialized MultithreadedTaskDispatcher with 12 workers.
[PhysX] Initialized MultithreadedTaskDispatcher with 12 workers.
 -> (artifact id: 'e65a225ba614b2279d18598a0f489fe3') in 0.014801 seconds
Number of updated asset objects reloaded before import = 0
Number of asset objects unloaded after import = 3
========================================================================
Received Import Request.
  Time since last request: 0.294107 seconds.
  path: Assets/sprites/downloaded/Soldier_2/Idle.png
  artifactKey: Guid(cc2862eba9088764ca82121207451243) Importer(815301076,1909f56bfc062723c751e8b465ee728b)
Start importing Assets/sprites/downloaded/Soldier_2/Idle.png using Guid(cc2862eba9088764ca82121207451243) Importer(815301076,1909f56bfc062723c751e8b465ee728b) [PhysX] Initialized MultithreadedTaskDispatcher with 12 workers.
[PhysX] Initialized MultithreadedTaskDispatcher with 12 workers.
 -> (artifact id: 'a7289516f794e1708baadd9a51ce8294') in 0.016039 seconds
Number of updated asset objects reloaded before import = 0
Number of asset objects unloaded after import = 3
========================================================================
Received Import Request.
  Time since last request: 0.943539 seconds.
  path: Assets/sprites/downloaded/Soldier_3/Idle.png
  artifactKey: Guid(062a759853e8f084bb72a3abed0d31be) Importer(815301076,1909f56bfc062723c751e8b465ee728b)
Start importing Assets/sprites/downloaded/Soldier_3/Idle.png using Guid(062a759853e8f084bb72a3abed0d31be) Importer(815301076,1909f56bfc062723c751e8b465ee728b) [PhysX] Initialized MultithreadedTaskDispatcher with 12 workers.
[PhysX] Initialized MultithreadedTaskDispatcher with 12 workers.
 -> (artifact id: '5da8002ad65a4961427c15b4ccda49f2') in 0.012747 seconds
Number of updated asset objects reloaded before import = 0
Number of asset objects unloaded after import = 3
========================================================================
Received Import Request.
  Time since last request: 0.006725 seconds.
  path: Assets/sprites/downloaded/Soldier_2/Hurt.png
  artifactKey: Guid(39075ab7f18a0de49890193556f4dc01) Importer(815301076,1909f56bfc062723c751e8b465ee728b)
Start importing Assets/sprites/downloaded/Soldier_2/Hurt.png using Guid(39075ab7f18a0de49890193556f4dc01) Importer(815301076,1909f56bfc062723c751e8b465ee728b) [PhysX] Initialized MultithreadedTaskDispatcher with 12 workers.
[PhysX] Initialized MultithreadedTaskDispatcher with 12 workers.
 -> (artifact id: '8b0bbdcb9e14cf0f4f2c98aa1f93c77d') in 0.015466 seconds
Number of updated asset objects reloaded before import = 0
Number of asset objects unloaded after import = 3
========================================================================
Received Import Request.
  Time since last request: 0.007277 seconds.
  path: Assets/sprites/downloaded/Soldier_3/Dead.png
  artifactKey: Guid(5d131b8094d9a4a458c0bb0a7b3d8206) Importer(815301076,1909f56bfc062723c751e8b465ee728b)
Start importing Assets/sprites/downloaded/Soldier_3/Dead.png using Guid(5d131b8094d9a4a458c0bb0a7b3d8206) Importer(815301076,1909f56bfc062723c751e8b465ee728b) [PhysX] Initialized MultithreadedTaskDispatcher with 12 workers.
[PhysX] Initialized MultithreadedTaskDispatcher with 12 workers.
 -> (artifact id: 'f17ae78b0a2f79d081ac5205f7d703da') in 0.013223 seconds
Number of updated asset objects reloaded before import = 0
Number of asset objects unloaded after import = 3
========================================================================
Received Import Request.
  Time since last request: 0.006206 seconds.
  path: Assets/sprites/downloaded/Soldier_2/Grenade.png
  artifactKey: Guid(410714a21db74634299c8eb778f084cc) Importer(815301076,1909f56bfc062723c751e8b465ee728b)
Start importing Assets/sprites/downloaded/Soldier_2/Grenade.png using Guid(410714a21db74634299c8eb778f084cc) Importer(815301076,1909f56bfc062723c751e8b465ee728b) [PhysX] Initialized MultithreadedTaskDispatcher with 12 workers.
[PhysX] Initialized MultithreadedTaskDispatcher with 12 workers.
 -> (artifact id: '1a6a1f75c63af685d339db56338b0fa7') in 0.016851 seconds
Number of updated asset objects reloaded before import = 0
Number of asset objects unloaded after import = 3
========================================================================
Received Import Request.
  Time since last request: 0.007262 seconds.
  path: Assets/sprites/downloaded/Soldier_3/Attacck.png
  artifactKey: Guid(36a53a6570b4d14409fb6d992c26e674) Importer(815301076,1909f56bfc062723c751e8b465ee728b)
Start importing Assets/sprites/downloaded/Soldier_3/Attacck.png using Guid(36a53a6570b4d14409fb6d992c26e674) Importer(815301076,1909f56bfc062723c751e8b465ee728b) [PhysX] Initialized MultithreadedTaskDispatcher with 12 workers.
[PhysX] Initialized MultithreadedTaskDispatcher with 12 workers.
 -> (artifact id: '441fe13237b2ba55d22dc8e3d4b23685') in 0.013785 seconds
Number of updated asset objects reloaded before import = 0
Number of asset objects unloaded after import = 3
========================================================================
Received Import Request.
  Time since last request: 15.099229 seconds.
  path: Assets/sprites/downloaded/Soldier_2/Dead.png
  artifactKey: Guid(5739133c250203e4480420c09d206ab0) Importer(815301076,1909f56bfc062723c751e8b465ee728b)
Start importing Assets/sprites/downloaded/Soldier_2/Dead.png using Guid(5739133c250203e4480420c09d206ab0) Importer(815301076,1909f56bfc062723c751e8b465ee728b) [PhysX] Initialized MultithreadedTaskDispatcher with 12 workers.
[PhysX] Initialized MultithreadedTaskDispatcher with 12 workers.
 -> (artifact id: 'ad0d1ea5958884b87d013d2016a3661f') in 0.013987 seconds
Number of updated asset objects reloaded before import = 0
Number of asset objects unloaded after import = 3
========================================================================
Received Import Request.
  Time since last request: 0.701579 seconds.
  path: Assets/sprites/downloaded/Soldier_3/Walk.png
  artifactKey: Guid(6ef91fae6e027fd47a49738a60be0482) Importer(815301076,1909f56bfc062723c751e8b465ee728b)
Start importing Assets/sprites/downloaded/Soldier_3/Walk.png using Guid(6ef91fae6e027fd47a49738a60be0482) Importer(815301076,1909f56bfc062723c751e8b465ee728b) [PhysX] Initialized MultithreadedTaskDispatcher with 12 workers.
[PhysX] Initialized MultithreadedTaskDispatcher with 12 workers.
 -> (artifact id: '78b6112627d8b296c2391372fc96aeef') in 0.014108 seconds
Number of updated asset objects reloaded before import = 0
Number of asset objects unloaded after import = 3
========================================================================
Received Prepare
Caller must complete domain reload
Begin MonoManager ReloadAssembly
- Loaded All Assemblies, in  0.594 seconds
Native extension for WindowsStandalone target not found
Native extension for WebGL target not found
Mono: successfully reloaded assembly
- Finished resetting the current domain, in  0.505 seconds
Domain Reload Profiling: 1100ms
	BeginReloadAssembly (349ms)
		ExecutionOrderSort (0ms)
		DisableScriptedObjects (220ms)
		BackupInstance (0ms)
		ReleaseScriptingObjects (0ms)
		CreateAndSetChildDomain (40ms)
	RebuildCommonClasses (28ms)
	RebuildNativeTypeToScriptingClass (12ms)
	initialDomainReloadingComplete (26ms)
	LoadAllAssembliesAndSetupDomain (180ms)
		LoadAssemblies (218ms)
		RebuildTransferFunctionScriptingTraits (0ms)
		AnalyzeDomain (26ms)
			TypeCache.Refresh (9ms)
				TypeCache.ScanAssembly (1ms)
			ScanForSourceGeneratedMonoScriptInfo (10ms)
			ResolveRequiredComponents (6ms)
	FinalizeReload (505ms)
		ReleaseScriptCaches (0ms)
		RebuildScriptCaches (0ms)
		SetupLoadedEditorAssemblies (343ms)
			LogAssemblyErrors (0ms)
			InitializePlatformSupportModulesInManaged (5ms)
			SetLoadedEditorAssemblies (3ms)
			RefreshPlugins (0ms)
			BeforeProcessingInitializeOnLoad (61ms)
			ProcessInitializeOnLoadAttributes (246ms)
			ProcessInitializeOnLoadMethodAttributes (26ms)
			AfterProcessingInitializeOnLoad (2ms)
			EditorAssembliesLoaded (0ms)
		ExecutionOrderSort2 (0ms)
		AwakeInstancesAfterBackupRestoration (10ms)
Refreshing native plugins compatible for Editor in 3.89 ms, found 4 plugins.
Preloading 0 native plugins for Editor in 0.00 ms.
Unloading 4117 Unused Serialized files (Serialized files now loaded: 0)
Unloading 25 unused Assets / (213.6 KB). Loaded Objects now: 4628.
Memory consumption went from 146.9 MB to 146.7 MB.
Total: 4.844700 ms (FindLiveObjects: 0.422600 ms CreateObjectMapping: 0.249200 ms MarkObjects: 3.913500 ms  DeleteObjects: 0.257800 ms)

Prepare: number of updated asset objects reloaded= 0
AssetImportParameters requested are different than current active one (requested -> active):
  custom:container-demuxer-ogg: 62fdf1f143b41e24485cea50d1cbac27 -> 
  custom:video-decoder-ogg-theora: a1e56fd34408186e4bbccfd4996cb3dc -> 
  custom:framework-win-MediaFoundation: 216162199b28c13a410421893ffa2e32 -> 
  custom:CustomObjectIndexerAttribute: 9a22284fe3817be447336de3de66b15e -> 
  custom:container-demuxer-webm: 4f35f7cbe854078d1ac9338744f61a02 -> 
  custom:container-muxer-webm: aa71ff27fc2769a1b78a27578f13a17b -> 
  custom:video-decoder-webm-vp8: 9c59270c3fd7afecdb556c50c9e8de78 -> 
  custom:SearchIndexIgnoredProperties: e643bd26f0fe6173181afceb89e7c659 -> 
  custom:AudioImporter_EditorPlatform: d09bf68614088b80899f8185d706f6e7 -> 
  custom:scripting/monoscript/fileName/Bandit.cs: ca1d73c4f52e2ca39eaf8f2ec521b8f3 -> 
  custom:video-encoder-webm-vp8: eb34c28f22e8b96e1ab97ce403110664 -> 
  custom:audio-decoder-ogg-vorbis: bf7c407c2cedff20999df2af8eb42d56 -> 
  custom:scripting/monoscript/fileName/Sensor_Bandit.cs: b82e7b91239162915bd4535dd2e23f94 -> 
  custom:audio-encoder-webm-vorbis: bf7c407c2cedff20999df2af8eb42d56 -> 
  custom:scripting/precompiled-assembly-types:Assembly-CSharp: 49557c52bbfcaed125c1b5e78a30d5b3 -> 24e6f0f6a2bd8b014b04d0a2b2eb11a1
========================================================================
Received Prepare
Caller must complete domain reload
Begin MonoManager ReloadAssembly
- Loaded All Assemblies, in  0.369 seconds
Native extension for WindowsStandalone target not found
Native extension for WebGL target not found
Mono: successfully reloaded assembly
- Finished resetting the current domain, in  0.863 seconds
Domain Reload Profiling: 1232ms
	BeginReloadAssembly (139ms)
		ExecutionOrderSort (0ms)
		DisableScriptedObjects (15ms)
		BackupInstance (0ms)
		ReleaseScriptingObjects (0ms)
		CreateAndSetChildDomain (29ms)
	RebuildCommonClasses (34ms)
	RebuildNativeTypeToScriptingClass (9ms)
	initialDomainReloadingComplete (20ms)
	LoadAllAssembliesAndSetupDomain (166ms)
		LoadAssemblies (211ms)
		RebuildTransferFunctionScriptingTraits (0ms)
		AnalyzeDomain (25ms)
			TypeCache.Refresh (9ms)
				TypeCache.ScanAssembly (1ms)
			ScanForSourceGeneratedMonoScriptInfo (9ms)
			ResolveRequiredComponents (6ms)
	FinalizeReload (864ms)
		ReleaseScriptCaches (0ms)
		RebuildScriptCaches (0ms)
		SetupLoadedEditorAssemblies (426ms)
			LogAssemblyErrors (0ms)
			InitializePlatformSupportModulesInManaged (5ms)
			SetLoadedEditorAssemblies (4ms)
			RefreshPlugins (0ms)
			BeforeProcessingInitializeOnLoad (69ms)
			ProcessInitializeOnLoadAttributes (320ms)
			ProcessInitializeOnLoadMethodAttributes (26ms)
			AfterProcessingInitializeOnLoad (2ms)
			EditorAssembliesLoaded (0ms)
		ExecutionOrderSort2 (0ms)
		AwakeInstancesAfterBackupRestoration (10ms)
Refreshing native plugins compatible for Editor in 5.38 ms, found 4 plugins.
Preloading 0 native plugins for Editor in 0.00 ms.
Unloading 4118 Unused Serialized files (Serialized files now loaded: 0)
Unloading 25 unused Assets / (213.4 KB). Loaded Objects now: 4632.
Memory consumption went from 147.1 MB to 146.9 MB.
Total: 4.653300 ms (FindLiveObjects: 0.427300 ms CreateObjectMapping: 0.271000 ms MarkObjects: 3.613500 ms  DeleteObjects: 0.339700 ms)

Prepare: number of updated asset objects reloaded= 0
AssetImportParameters requested are different than current active one (requested -> active):
  custom:container-demuxer-ogg: 62fdf1f143b41e24485cea50d1cbac27 -> 
  custom:video-decoder-ogg-theora: a1e56fd34408186e4bbccfd4996cb3dc -> 
  custom:framework-win-MediaFoundation: 216162199b28c13a410421893ffa2e32 -> 
  custom:CustomObjectIndexerAttribute: 9a22284fe3817be447336de3de66b15e -> 
  custom:container-demuxer-webm: 4f35f7cbe854078d1ac9338744f61a02 -> 
  custom:container-muxer-webm: aa71ff27fc2769a1b78a27578f13a17b -> 
  custom:video-decoder-webm-vp8: 9c59270c3fd7afecdb556c50c9e8de78 -> 
  custom:SearchIndexIgnoredProperties: e643bd26f0fe6173181afceb89e7c659 -> 
  custom:AudioImporter_EditorPlatform: d09bf68614088b80899f8185d706f6e7 -> 
  custom:scripting/monoscript/fileName/Bandit.cs: adb248aa98e967f50399bab1889e92de -> 
  custom:video-encoder-webm-vp8: eb34c28f22e8b96e1ab97ce403110664 -> 
  custom:audio-decoder-ogg-vorbis: bf7c407c2cedff20999df2af8eb42d56 -> 
  custom:scripting/monoscript/fileName/Sensor_Bandit.cs: 1953df18a1a14e19028369415978de7c -> 
  custom:audio-encoder-webm-vorbis: bf7c407c2cedff20999df2af8eb42d56 -> 
  custom:scripting/precompiled-assembly-types:Assembly-CSharp: d599b0414e0977d4e64db352db2c0376 -> 24e6f0f6a2bd8b014b04d0a2b2eb11a1
========================================================================
Received Import Request.
  Time since last request: 101.517564 seconds.
  path: Assets/sprites/downloaded/soldiers
  artifactKey: Guid(a98e2063a71242b4aafaea55b0cc0482) Importer(815301076,1909f56bfc062723c751e8b465ee728b)
Start importing Assets/sprites/downloaded/soldiers using Guid(a98e2063a71242b4aafaea55b0cc0482) Importer(815301076,1909f56bfc062723c751e8b465ee728b) [PhysX] Initialized MultithreadedTaskDispatcher with 12 workers.
 -> (artifact id: 'b6d3932e6eea8444ef966461e7567b3d') in 0.001604 seconds
Number of updated asset objects reloaded before import = 0
Number of asset objects unloaded after import = 0
========================================================================
Received Import Request.
  Time since last request: 4.162168 seconds.
  path: Assets/sprites/downloaded/Bandits - Pixel Art
  artifactKey: Guid(1961f3a7eb14a1b469674b37069d7ca6) Importer(815301076,1909f56bfc062723c751e8b465ee728b)
Start importing Assets/sprites/downloaded/Bandits - Pixel Art using Guid(1961f3a7eb14a1b469674b37069d7ca6) Importer(815301076,1909f56bfc062723c751e8b465ee728b) [PhysX] Initialized MultithreadedTaskDispatcher with 12 workers.
 -> (artifact id: '650abfd23c7e72e7e72c174627d44bce') in 0.000440 seconds
Number of updated asset objects reloaded before import = 0
Number of asset objects unloaded after import = 0
========================================================================
Received Import Request.
  Time since last request: 0.999424 seconds.
  path: Assets/sprites/downloaded/Bandits - Pixel Art/Animations
  artifactKey: Guid(5b4588478efd7c244b598df63562b79f) Importer(815301076,1909f56bfc062723c751e8b465ee728b)
Start importing Assets/sprites/downloaded/Bandits - Pixel Art/Animations using Guid(5b4588478efd7c244b598df63562b79f) Importer(815301076,1909f56bfc062723c751e8b465ee728b) [PhysX] Initialized MultithreadedTaskDispatcher with 12 workers.
 -> (artifact id: 'f0f180a2669098d1221a5e2508d428c6') in 0.000454 seconds
Number of updated asset objects reloaded before import = 0
Number of asset objects unloaded after import = 0
========================================================================
Received Import Request.
  Time since last request: 1.508665 seconds.
  path: Assets/sprites/downloaded/Bandits - Pixel Art/Animations/Heavy Bandit
  artifactKey: Guid(0a9ac01b012ca8649817c0e5f2283a60) Importer(815301076,1909f56bfc062723c751e8b465ee728b)
Start importing Assets/sprites/downloaded/Bandits - Pixel Art/Animations/Heavy Bandit using Guid(0a9ac01b012ca8649817c0e5f2283a60) Importer(815301076,1909f56bfc062723c751e8b465ee728b) [PhysX] Initialized MultithreadedTaskDispatcher with 12 workers.
 -> (artifact id: '34acf1759afd22c9a9d9a6691b39d52d') in 0.000431 seconds
Number of updated asset objects reloaded before import = 0
Number of asset objects unloaded after import = 0
========================================================================
Received Import Request.
  Time since last request: 0.064866 seconds.
  path: Assets/sprites/downloaded/Bandits - Pixel Art/Animations/Heavy Bandit/HeavyBandit_AnimController.overrideController
  artifactKey: Guid(b810f2280bb2a6b4cbf996716e6e3d55) Importer(815301076,1909f56bfc062723c751e8b465ee728b)
Start importing Assets/sprites/downloaded/Bandits - Pixel Art/Animations/Heavy Bandit/HeavyBandit_AnimController.overrideController using Guid(b810f2280bb2a6b4cbf996716e6e3d55) Importer(815301076,1909f56bfc062723c751e8b465ee728b) [PhysX] Initialized MultithreadedTaskDispatcher with 12 workers.
 -> (artifact id: 'ea3f831cfd3ee5eead3df99f974a125b') in 0.016206 seconds
Number of updated asset objects reloaded before import = 0
Number of asset objects unloaded after import = 42
========================================================================
Received Import Request.
  Time since last request: 1.006415 seconds.
  path: Assets/sprites/downloaded/Bandits - Pixel Art/Animations/Heavy Bandit/HeavyBandit_Attack.anim
  artifactKey: Guid(55855508312d92143a67a54f910896a0) Importer(815301076,1909f56bfc062723c751e8b465ee728b)
Start importing Assets/sprites/downloaded/Bandits - Pixel Art/Animations/Heavy Bandit/HeavyBandit_Attack.anim using Guid(55855508312d92143a67a54f910896a0) Importer(815301076,1909f56bfc062723c751e8b465ee728b) [PhysX] Initialized MultithreadedTaskDispatcher with 12 workers.
 -> (artifact id: 'c3a21fcf446227b14d70b6747f9bbdc3') in 0.000992 seconds
Number of updated asset objects reloaded before import = 0
Number of asset objects unloaded after import = 1
========================================================================
Received Import Request.
  Time since last request: 3.108405 seconds.
  path: Assets/sprites/downloaded/Bandits - Pixel Art/Animations/Light Bandit
  artifactKey: Guid(589cc16c1bd89934ab5ca6f7d9a33cc2) Importer(815301076,1909f56bfc062723c751e8b465ee728b)
Start importing Assets/sprites/downloaded/Bandits - Pixel Art/Animations/Light Bandit using Guid(589cc16c1bd89934ab5ca6f7d9a33cc2) Importer(815301076,1909f56bfc062723c751e8b465ee728b) [PhysX] Initialized MultithreadedTaskDispatcher with 12 workers.
 -> (artifact id: 'b2f075ec3b6d149a4af0fbced323848f') in 0.000430 seconds
Number of updated asset objects reloaded before import = 0
Number of asset objects unloaded after import = 0
========================================================================
Received Import Request.
  Time since last request: 0.829685 seconds.
  path: Assets/sprites/downloaded/Bandits - Pixel Art/Animations/Light Bandit/LightBandit_AnimController.controller
  artifactKey: Guid(b95265f99b6d90e438df1308a89c8bab) Importer(815301076,1909f56bfc062723c751e8b465ee728b)
Start importing Assets/sprites/downloaded/Bandits - Pixel Art/Animations/Light Bandit/LightBandit_AnimController.controller using Guid(b95265f99b6d90e438df1308a89c8bab) Importer(815301076,1909f56bfc062723c751e8b465ee728b) [PhysX] Initialized MultithreadedTaskDispatcher with 12 workers.
 -> (artifact id: 'b6fcbeff0867d492606d6dfca7778eb5') in 0.002770 seconds
Number of updated asset objects reloaded before import = 0
Number of asset objects unloaded after import = 33
========================================================================
Received Import Request.
  Time since last request: 0.549791 seconds.
  path: Assets/sprites/downloaded/Bandits - Pixel Art/Animations/Light Bandit/LightBandit_Attack.anim
  artifactKey: Guid(f50ea1e86c917ee4a886801ca2d6f4c2) Importer(815301076,1909f56bfc062723c751e8b465ee728b)
Start importing Assets/sprites/downloaded/Bandits - Pixel Art/Animations/Light Bandit/LightBandit_Attack.anim using Guid(f50ea1e86c917ee4a886801ca2d6f4c2) Importer(815301076,1909f56bfc062723c751e8b465ee728b) [PhysX] Initialized MultithreadedTaskDispatcher with 12 workers.
 -> (artifact id: '952b073588443e75858797c6163747f9') in 0.000981 seconds
Number of updated asset objects reloaded before import = 0
Number of asset objects unloaded after import = 1
========================================================================
Received Import Request.
  Time since last request: 5.944363 seconds.
  path: Assets/sprites/downloaded/Bandits - Pixel Art/Demo
  artifactKey: Guid(b9bf6a2a159e69745b7810af3ec3f575) Importer(815301076,1909f56bfc062723c751e8b465ee728b)
Start importing Assets/sprites/downloaded/Bandits - Pixel Art/Demo using Guid(b9bf6a2a159e69745b7810af3ec3f575) Importer(815301076,1909f56bfc062723c751e8b465ee728b) [PhysX] Initialized MultithreadedTaskDispatcher with 12 workers.
 -> (artifact id: 'd46d4fb0a8305dc4757f7f01be9afbb0') in 0.000445 seconds
Number of updated asset objects reloaded before import = 0
Number of asset objects unloaded after import = 0
========================================================================
Received Import Request.
  Time since last request: 0.056319 seconds.
  path: Assets/sprites/downloaded/Bandits - Pixel Art/Demo/HeavyBandit.prefab
  artifactKey: Guid(3248535f6a2562c489a1223a75951ef2) Importer(815301076,1909f56bfc062723c751e8b465ee728b)
Start importing Assets/sprites/downloaded/Bandits - Pixel Art/Demo/HeavyBandit.prefab using Guid(3248535f6a2562c489a1223a75951ef2) Importer(815301076,1909f56bfc062723c751e8b465ee728b) [PhysX] Initialized MultithreadedTaskDispatcher with 12 workers.
 -> (artifact id: 'bbfd03eb4f69bd24fe60e75bdcbfb91f') in 0.000421 seconds
Number of updated asset objects reloaded before import = 0
Number of asset objects unloaded after import = 0
========================================================================
Received Import Request.
  Time since last request: 1.278201 seconds.
  path: Assets/sprites/downloaded/Bandits - Pixel Art/Demo/Bandit.cs
  artifactKey: Guid(ba8b435a8dc3f604e9a13c4acd7081c2) Importer(815301076,1909f56bfc062723c751e8b465ee728b)
Start importing Assets/sprites/downloaded/Bandits - Pixel Art/Demo/Bandit.cs using Guid(ba8b435a8dc3f604e9a13c4acd7081c2) Importer(815301076,1909f56bfc062723c751e8b465ee728b) [PhysX] Initialized MultithreadedTaskDispatcher with 12 workers.
 -> (artifact id: '14d641cce493f91e23f325de34a70cd8') in 0.000426 seconds
Number of updated asset objects reloaded before import = 0
Number of asset objects unloaded after import = 0
========================================================================
Received Import Request.
  Time since last request: 7.367750 seconds.
  path: Assets/sprites/downloaded/Bandits - Pixel Art/Demo/Demo.unity
  artifactKey: Guid(66591c3947d74f24c81e16bd1246acf2) Importer(815301076,1909f56bfc062723c751e8b465ee728b)
Start importing Assets/sprites/downloaded/Bandits - Pixel Art/Demo/Demo.unity using Guid(66591c3947d74f24c81e16bd1246acf2) Importer(815301076,1909f56bfc062723c751e8b465ee728b) [PhysX] Initialized MultithreadedTaskDispatcher with 12 workers.
 -> (artifact id: '1869e757646e62cb990916ca5b93bd3a') in 0.000449 seconds
Number of updated asset objects reloaded before import = 0
Number of asset objects unloaded after import = 0
========================================================================
Received Import Request.
  Time since last request: 3.466784 seconds.
  path: Assets/sprites/downloaded/Bandits - Pixel Art/Environment
  artifactKey: Guid(b29169d975bb8094a9752a3da1ef1230) Importer(815301076,1909f56bfc062723c751e8b465ee728b)
Start importing Assets/sprites/downloaded/Bandits - Pixel Art/Environment using Guid(b29169d975bb8094a9752a3da1ef1230) Importer(815301076,1909f56bfc062723c751e8b465ee728b) [PhysX] Initialized MultithreadedTaskDispatcher with 12 workers.
 -> (artifact id: '797a3c30dfa0b93ba39ec1ed39e61d17') in 0.000433 seconds
Number of updated asset objects reloaded before import = 0
Number of asset objects unloaded after import = 0
========================================================================
Received Import Request.
  Time since last request: 0.056700 seconds.
  path: Assets/sprites/downloaded/Bandits - Pixel Art/Environment/EnvironmentPalette_Bandits.prefab
  artifactKey: Guid(d0b1ecf02cfc8d74eb616310a86c7be6) Importer(815301076,1909f56bfc062723c751e8b465ee728b)
Start importing Assets/sprites/downloaded/Bandits - Pixel Art/Environment/EnvironmentPalette_Bandits.prefab using Guid(d0b1ecf02cfc8d74eb616310a86c7be6) Importer(815301076,1909f56bfc062723c751e8b465ee728b) [PhysX] Initialized MultithreadedTaskDispatcher with 12 workers.
[PhysX] Initialized MultithreadedTaskDispatcher with 12 workers.
 -> (artifact id: 'ab0a6765ab63552be2d670f70e429764') in 0.072031 seconds
Number of updated asset objects reloaded before import = 0
Number of asset objects unloaded after import = 19
========================================================================
Received Import Request.
  Time since last request: 0.000034 seconds.
  path: Assets/sprites/downloaded/Bandits - Pixel Art/Environment/EnvironmentTiles_3.asset
  artifactKey: Guid(9fe3466be7b855147a04a2abf850e606) Importer(815301076,1909f56bfc062723c751e8b465ee728b)
Start importing Assets/sprites/downloaded/Bandits - Pixel Art/Environment/EnvironmentTiles_3.asset using Guid(9fe3466be7b855147a04a2abf850e606) Importer(815301076,1909f56bfc062723c751e8b465ee728b) [PhysX] Initialized MultithreadedTaskDispatcher with 12 workers.
 -> (artifact id: '1300c4a4a820593d67c6bf7b3229f76b') in 0.029027 seconds
Number of updated asset objects reloaded before import = 0
Number of asset objects unloaded after import = 3
========================================================================
Received Import Request.
  Time since last request: 1.874049 seconds.
  path: Assets/sprites/downloaded/Bandits - Pixel Art/Sprites
  artifactKey: Guid(9a78476a3a5328641be59096a0f53e7f) Importer(815301076,1909f56bfc062723c751e8b465ee728b)
Start importing Assets/sprites/downloaded/Bandits - Pixel Art/Sprites using Guid(9a78476a3a5328641be59096a0f53e7f) Importer(815301076,1909f56bfc062723c751e8b465ee728b) [PhysX] Initialized MultithreadedTaskDispatcher with 12 workers.
 -> (artifact id: '0555ae160c5d4b8ce02d341e72474244') in 0.000548 seconds
Number of updated asset objects reloaded before import = 0
Number of asset objects unloaded after import = 0
========================================================================
Received Import Request.
  Time since last request: 0.049308 seconds.
  path: Assets/sprites/downloaded/Bandits - Pixel Art/Sprites/Background.png
  artifactKey: Guid(0ce96aa6462620e47ac56eccbb027deb) Importer(815301076,1909f56bfc062723c751e8b465ee728b)
Start importing Assets/sprites/downloaded/Bandits - Pixel Art/Sprites/Background.png using Guid(0ce96aa6462620e47ac56eccbb027deb) Importer(815301076,1909f56bfc062723c751e8b465ee728b) [PhysX] Initialized MultithreadedTaskDispatcher with 12 workers.
[PhysX] Initialized MultithreadedTaskDispatcher with 12 workers.
 -> (artifact id: '9c73f3877e53b0c9b7e7ff5720405103') in 0.032055 seconds
Number of updated asset objects reloaded before import = 0
Number of asset objects unloaded after import = 3
========================================================================
Received Import Request.
  Time since last request: 0.000022 seconds.
  path: Assets/sprites/downloaded/Bandits - Pixel Art/Sprites/HeavyBandit.png
  artifactKey: Guid(317b8365a4649ab459f6cb58ec8f9f18) Importer(815301076,1909f56bfc062723c751e8b465ee728b)
Start importing Assets/sprites/downloaded/Bandits - Pixel Art/Sprites/HeavyBandit.png using Guid(317b8365a4649ab459f6cb58ec8f9f18) Importer(815301076,1909f56bfc062723c751e8b465ee728b) [PhysX] Initialized MultithreadedTaskDispatcher with 12 workers.
[PhysX] Initialized MultithreadedTaskDispatcher with 12 workers.
 -> (artifact id: '29ebbec25aec1a50e593facdccbd684f') in 0.091123 seconds
Number of updated asset objects reloaded before import = 0
Number of asset objects unloaded after import = 38
========================================================================
Received Import Request.
  Time since last request: 620.423050 seconds.
  path: Assets/Images/Battle/bandit
  artifactKey: Guid(667d6dceb51dece4ea203208485954f5) Importer(815301076,1909f56bfc062723c751e8b465ee728b)
Start importing Assets/Images/Battle/bandit using Guid(667d6dceb51dece4ea203208485954f5) Importer(815301076,1909f56bfc062723c751e8b465ee728b) [PhysX] Initialized MultithreadedTaskDispatcher with 12 workers.
 -> (artifact id: '1f4cdc3333021a70b20eb434c8a7391e') in 0.000758 seconds
Number of updated asset objects reloaded before import = 0
Number of asset objects unloaded after import = 0
========================================================================
Received Import Request.
  Time since last request: 3.711059 seconds.
  path: Assets/Images/Battle/bandit/bandit attack.png
  artifactKey: Guid(01105797f8e558b47b02f13888c4ffc1) Importer(815301076,1909f56bfc062723c751e8b465ee728b)
Start importing Assets/Images/Battle/bandit/bandit attack.png using Guid(01105797f8e558b47b02f13888c4ffc1) Importer(815301076,1909f56bfc062723c751e8b465ee728b) [PhysX] Initialized MultithreadedTaskDispatcher with 12 workers.
[PhysX] Initialized MultithreadedTaskDispatcher with 12 workers.
 -> (artifact id: 'ae1fe12b366c844213a26dcb4441666b') in 0.025557 seconds
Number of updated asset objects reloaded before import = 0
Number of asset objects unloaded after import = 3
========================================================================
Received Import Request.
  Time since last request: 254.322776 seconds.
  path: Assets/Images/Battle/android
  artifactKey: Guid(98330f056cd629a48b9f3d728822da78) Importer(815301076,1909f56bfc062723c751e8b465ee728b)
Start importing Assets/Images/Battle/android using Guid(98330f056cd629a48b9f3d728822da78) Importer(815301076,1909f56bfc062723c751e8b465ee728b) [PhysX] Initialized MultithreadedTaskDispatcher with 12 workers.
 -> (artifact id: 'bace63af84b07d39d5d07c8d0bd6362d') in 0.000727 seconds
Number of updated asset objects reloaded before import = 0
Number of asset objects unloaded after import = 0
========================================================================
Received Import Request.
  Time since last request: 5.611585 seconds.
  path: Assets/Images/Battle/helicopter
  artifactKey: Guid(f4334938c05e9ec46a7180ba84e280e9) Importer(815301076,1909f56bfc062723c751e8b465ee728b)
Start importing Assets/Images/Battle/helicopter using Guid(f4334938c05e9ec46a7180ba84e280e9) Importer(815301076,1909f56bfc062723c751e8b465ee728b) [PhysX] Initialized MultithreadedTaskDispatcher with 12 workers.
 -> (artifact id: '6f0014d39a00cacfeb684803e53ce3fd') in 0.000459 seconds
Number of updated asset objects reloaded before import = 0
Number of asset objects unloaded after import = 0
========================================================================
Received Import Request.
  Time since last request: 6.833034 seconds.
  path: Assets/Scripts/saveLogic.cs
  artifactKey: Guid(7fafeedd76580154fb40b4235a8e1b9d) Importer(815301076,1909f56bfc062723c751e8b465ee728b)
Start importing Assets/Scripts/saveLogic.cs using Guid(7fafeedd76580154fb40b4235a8e1b9d) Importer(815301076,1909f56bfc062723c751e8b465ee728b) [PhysX] Initialized MultithreadedTaskDispatcher with 12 workers.
 -> (artifact id: '76a1287ac12d82204ecd5e26ef92ed0a') in 0.000467 seconds
Number of updated asset objects reloaded before import = 0
Number of asset objects unloaded after import = 0
========================================================================
Received Prepare
Caller must complete domain reload
Begin MonoManager ReloadAssembly
- Loaded All Assemblies, in  0.397 seconds
Native extension for WindowsStandalone target not found
Native extension for WebGL target not found
Mono: successfully reloaded assembly
- Finished resetting the current domain, in  1.318 seconds
Domain Reload Profiling: 1716ms
	BeginReloadAssembly (137ms)
		ExecutionOrderSort (0ms)
		DisableScriptedObjects (10ms)
		BackupInstance (0ms)
		ReleaseScriptingObjects (0ms)
		CreateAndSetChildDomain (38ms)
	RebuildCommonClasses (29ms)
	RebuildNativeTypeToScriptingClass (10ms)
	initialDomainReloadingComplete (22ms)
	LoadAllAssembliesAndSetupDomain (199ms)
		LoadAssemblies (234ms)
		RebuildTransferFunctionScriptingTraits (0ms)
		AnalyzeDomain (30ms)
			TypeCache.Refresh (9ms)
				TypeCache.ScanAssembly (1ms)
			ScanForSourceGeneratedMonoScriptInfo (12ms)
			ResolveRequiredComponents (8ms)
	FinalizeReload (1319ms)
		ReleaseScriptCaches (0ms)
		RebuildScriptCaches (0ms)
		SetupLoadedEditorAssemblies (408ms)
			LogAssemblyErrors (0ms)
			InitializePlatformSupportModulesInManaged (6ms)
			SetLoadedEditorAssemblies (5ms)
			RefreshPlugins (0ms)
			BeforeProcessingInitializeOnLoad (72ms)
			ProcessInitializeOnLoadAttributes (293ms)
			ProcessInitializeOnLoadMethodAttributes (31ms)
			AfterProcessingInitializeOnLoad (2ms)
			EditorAssembliesLoaded (0ms)
		ExecutionOrderSort2 (0ms)
		AwakeInstancesAfterBackupRestoration (12ms)
Refreshing native plugins compatible for Editor in 4.50 ms, found 4 plugins.
Preloading 0 native plugins for Editor in 0.00 ms.
Unloading 4117 Unused Serialized files (Serialized files now loaded: 0)
Unloading 25 unused Assets / (213.6 KB). Loaded Objects now: 4647.
Memory consumption went from 147.0 MB to 146.8 MB.
Total: 6.236200 ms (FindLiveObjects: 0.437300 ms CreateObjectMapping: 0.347200 ms MarkObjects: 5.132500 ms  DeleteObjects: 0.317500 ms)

Prepare: number of updated asset objects reloaded= 0
AssetImportParameters requested are different than current active one (requested -> active):
  custom:container-demuxer-ogg: 62fdf1f143b41e24485cea50d1cbac27 -> 
  custom:video-decoder-ogg-theora: a1e56fd34408186e4bbccfd4996cb3dc -> 
  custom:framework-win-MediaFoundation: 216162199b28c13a410421893ffa2e32 -> 
  custom:CustomObjectIndexerAttribute: 9a22284fe3817be447336de3de66b15e -> 
  custom:container-demuxer-webm: 4f35f7cbe854078d1ac9338744f61a02 -> 
  custom:container-muxer-webm: aa71ff27fc2769a1b78a27578f13a17b -> 
  custom:video-decoder-webm-vp8: 9c59270c3fd7afecdb556c50c9e8de78 -> 
  custom:SearchIndexIgnoredProperties: e643bd26f0fe6173181afceb89e7c659 -> 
  custom:AudioImporter_EditorPlatform: d09bf68614088b80899f8185d706f6e7 -> 
  custom:scripting/monoscript/fileName/Bandit.cs: adb248aa98e967f50399bab1889e92de -> 
  custom:video-encoder-webm-vp8: eb34c28f22e8b96e1ab97ce403110664 -> 
  custom:audio-decoder-ogg-vorbis: bf7c407c2cedff20999df2af8eb42d56 -> 
  custom:scripting/monoscript/fileName/Sensor_Bandit.cs: 1953df18a1a14e19028369415978de7c -> 
  custom:audio-encoder-webm-vorbis: bf7c407c2cedff20999df2af8eb42d56 -> 
  custom:scripting/precompiled-assembly-types:Assembly-CSharp: d599b0414e0977d4e64db352db2c0376 -> 24e6f0f6a2bd8b014b04d0a2b2eb11a1
========================================================================
Received Import Request.
  Time since last request: 679.555747 seconds.
  path: Assets/Images/Battle/android/android attack.png
  artifactKey: Guid(65fe3eb2dbaef574e9886e0c44caab2c) Importer(815301076,1909f56bfc062723c751e8b465ee728b)
Start importing Assets/Images/Battle/android/android attack.png using Guid(65fe3eb2dbaef574e9886e0c44caab2c) Importer(815301076,1909f56bfc062723c751e8b465ee728b) [PhysX] Initialized MultithreadedTaskDispatcher with 12 workers.
[PhysX] Initialized MultithreadedTaskDispatcher with 12 workers.
 -> (artifact id: '859c731fbc642a72f7a7eaa47045a3e4') in 0.068626 seconds
Number of updated asset objects reloaded before import = 0
Number of asset objects unloaded after import = 3
========================================================================
Received Import Request.
  Time since last request: 1207.762740 seconds.
  path: Assets/sprites/downloaded/Toon Muzzleflash Pack/Example Prefabs/Toon Muzzleflash 1.prefab
  artifactKey: Guid(302577c4c425ce14781bc5dd214f5576) Importer(815301076,1909f56bfc062723c751e8b465ee728b)
Start importing Assets/sprites/downloaded/Toon Muzzleflash Pack/Example Prefabs/Toon Muzzleflash 1.prefab using Guid(302577c4c425ce14781bc5dd214f5576) Importer(815301076,1909f56bfc062723c751e8b465ee728b) [PhysX] Initialized MultithreadedTaskDispatcher with 12 workers.
[PhysX] Initialized MultithreadedTaskDispatcher with 12 workers.
 -> (artifact id: '8f02e1f2e5cf643a98338e8e31689400') in 0.107862 seconds
Number of updated asset objects reloaded before import = 0
Number of asset objects unloaded after import = 21
========================================================================
Received Import Request.
  Time since last request: 0.000030 seconds.
  path: Assets/sprites/downloaded/Toon Muzzleflash Pack/Example Prefabs/Toon Muzzleflash 21.prefab
  artifactKey: Guid(a537f804ed82f9046a91ed38520d6b87) Importer(815301076,1909f56bfc062723c751e8b465ee728b)
Start importing Assets/sprites/downloaded/Toon Muzzleflash Pack/Example Prefabs/Toon Muzzleflash 21.prefab using Guid(a537f804ed82f9046a91ed38520d6b87) Importer(815301076,1909f56bfc062723c751e8b465ee728b) [PhysX] Initialized MultithreadedTaskDispatcher with 12 workers.
[PhysX] Initialized MultithreadedTaskDispatcher with 12 workers.
 -> (artifact id: '4f58d12deb6b3bace477af410555e2f4') in 0.020622 seconds
Number of updated asset objects reloaded before import = 0
Number of asset objects unloaded after import = 21
========================================================================
Received Import Request.
  Time since last request: 0.000029 seconds.
  path: Assets/sprites/downloaded/Toon Muzzleflash Pack/Example Prefabs/Toon Muzzleflash 19.prefab
  artifactKey: Guid(5e4b26c055ae2554cbd792be1c7fa901) Importer(815301076,1909f56bfc062723c751e8b465ee728b)
Start importing Assets/sprites/downloaded/Toon Muzzleflash Pack/Example Prefabs/Toon Muzzleflash 19.prefab using Guid(5e4b26c055ae2554cbd792be1c7fa901) Importer(815301076,1909f56bfc062723c751e8b465ee728b) [PhysX] Initialized MultithreadedTaskDispatcher with 12 workers.
[PhysX] Initialized MultithreadedTaskDispatcher with 12 workers.
 -> (artifact id: 'eec063ebc8780e70962539ddbecf8d72') in 0.018003 seconds
Number of updated asset objects reloaded before import = 0
Number of asset objects unloaded after import = 21
========================================================================
Received Import Request.
  Time since last request: 0.000030 seconds.
  path: Assets/sprites/downloaded/Toon Muzzleflash Pack/Example Prefabs/Toon Muzzleflash 11.prefab
  artifactKey: Guid(9058260c08717d340aa6d4f552e69e27) Importer(815301076,1909f56bfc062723c751e8b465ee728b)
Start importing Assets/sprites/downloaded/Toon Muzzleflash Pack/Example Prefabs/Toon Muzzleflash 11.prefab using Guid(9058260c08717d340aa6d4f552e69e27) Importer(815301076,1909f56bfc062723c751e8b465ee728b) [PhysX] Initialized MultithreadedTaskDispatcher with 12 workers.
[PhysX] Initialized MultithreadedTaskDispatcher with 12 workers.
 -> (artifact id: '461118042975ddc46ca86079c51535e5') in 0.018259 seconds
Number of updated asset objects reloaded before import = 0
Number of asset objects unloaded after import = 21
========================================================================
Received Import Request.
  Time since last request: 0.000024 seconds.
  path: Assets/sprites/downloaded/Toon Muzzleflash Pack/Example Prefabs/Toon Muzzleflash 3.prefab
  artifactKey: Guid(b7d03fb0762c75449af69d624547e358) Importer(815301076,1909f56bfc062723c751e8b465ee728b)
Start importing Assets/sprites/downloaded/Toon Muzzleflash Pack/Example Prefabs/Toon Muzzleflash 3.prefab using Guid(b7d03fb0762c75449af69d624547e358) Importer(815301076,1909f56bfc062723c751e8b465ee728b) [PhysX] Initialized MultithreadedTaskDispatcher with 12 workers.
[PhysX] Initialized MultithreadedTaskDispatcher with 12 workers.
 -> (artifact id: '63f6adeb2e1fca46129b7e43930048f9') in 0.015727 seconds
Number of updated asset objects reloaded before import = 0
Number of asset objects unloaded after import = 21
========================================================================
Received Import Request.
  Time since last request: 0.000033 seconds.
  path: Assets/sprites/downloaded/Toon Muzzleflash Pack/Example Prefabs/Toon Muzzleflash 5.prefab
  artifactKey: Guid(62d07207e73637c428642d14ef91b778) Importer(815301076,1909f56bfc062723c751e8b465ee728b)
Start importing Assets/sprites/downloaded/Toon Muzzleflash Pack/Example Prefabs/Toon Muzzleflash 5.prefab using Guid(62d07207e73637c428642d14ef91b778) Importer(815301076,1909f56bfc062723c751e8b465ee728b) [PhysX] Initialized MultithreadedTaskDispatcher with 12 workers.
[PhysX] Initialized MultithreadedTaskDispatcher with 12 workers.
 -> (artifact id: 'e3fedd458cb2941ac213d74ba264eba1') in 0.016441 seconds
Number of updated asset objects reloaded before import = 0
Number of asset objects unloaded after import = 21
========================================================================
Received Import Request.
  Time since last request: 0.000033 seconds.
  path: Assets/sprites/downloaded/Toon Muzzleflash Pack/Example Prefabs/Toon Muzzleflash 15.prefab
  artifactKey: Guid(7b142295c8a5d8a4486a67f84893ed08) Importer(815301076,1909f56bfc062723c751e8b465ee728b)
Start importing Assets/sprites/downloaded/Toon Muzzleflash Pack/Example Prefabs/Toon Muzzleflash 15.prefab using Guid(7b142295c8a5d8a4486a67f84893ed08) Importer(815301076,1909f56bfc062723c751e8b465ee728b) [PhysX] Initialized MultithreadedTaskDispatcher with 12 workers.
[PhysX] Initialized MultithreadedTaskDispatcher with 12 workers.
 -> (artifact id: '20b112f804a4a4144e23e2d30fb0f760') in 0.016893 seconds
Number of updated asset objects reloaded before import = 0
Number of asset objects unloaded after import = 21
========================================================================
Received Import Request.
  Time since last request: 0.000026 seconds.
  path: Assets/sprites/downloaded/Toon Muzzleflash Pack/Example Prefabs/Toon Muzzleflash 8.prefab
  artifactKey: Guid(c460780050234874594e9f7a0f7decc6) Importer(815301076,1909f56bfc062723c751e8b465ee728b)
Start importing Assets/sprites/downloaded/Toon Muzzleflash Pack/Example Prefabs/Toon Muzzleflash 8.prefab using Guid(c460780050234874594e9f7a0f7decc6) Importer(815301076,1909f56bfc062723c751e8b465ee728b) [PhysX] Initialized MultithreadedTaskDispatcher with 12 workers.
[PhysX] Initialized MultithreadedTaskDispatcher with 12 workers.
 -> (artifact id: 'ec88fe0795cb52a482121fd435f9c7f6') in 0.015719 seconds
Number of updated asset objects reloaded before import = 0
Number of asset objects unloaded after import = 21
========================================================================
Received Import Request.
  Time since last request: 0.000023 seconds.
  path: Assets/sprites/downloaded/Toon Muzzleflash Pack/Example Prefabs/Toon Muzzleflash 4.prefab
  artifactKey: Guid(510e0a736e5e66243b242a076c59611a) Importer(815301076,1909f56bfc062723c751e8b465ee728b)
Start importing Assets/sprites/downloaded/Toon Muzzleflash Pack/Example Prefabs/Toon Muzzleflash 4.prefab using Guid(510e0a736e5e66243b242a076c59611a) Importer(815301076,1909f56bfc062723c751e8b465ee728b) [PhysX] Initialized MultithreadedTaskDispatcher with 12 workers.
[PhysX] Initialized MultithreadedTaskDispatcher with 12 workers.
 -> (artifact id: '02cc130e62679fa6f7fafa9af421ac42') in 0.017135 seconds
Number of updated asset objects reloaded before import = 0
Number of asset objects unloaded after import = 21
========================================================================
Received Import Request.
  Time since last request: 0.000027 seconds.
  path: Assets/sprites/downloaded/Toon Muzzleflash Pack/Example Prefabs/Toon Muzzleflash 24.prefab
  artifactKey: Guid(04a8a7e981b8f394dabda2126cdfdb3e) Importer(815301076,1909f56bfc062723c751e8b465ee728b)
Start importing Assets/sprites/downloaded/Toon Muzzleflash Pack/Example Prefabs/Toon Muzzleflash 24.prefab using Guid(04a8a7e981b8f394dabda2126cdfdb3e) Importer(815301076,1909f56bfc062723c751e8b465ee728b) [PhysX] Initialized MultithreadedTaskDispatcher with 12 workers.
[PhysX] Initialized MultithreadedTaskDispatcher with 12 workers.
 -> (artifact id: '9e000e6d73008b8600b9deefba15a424') in 0.016966 seconds
Number of updated asset objects reloaded before import = 0
Number of asset objects unloaded after import = 21
========================================================================
Received Import Request.
  Time since last request: 0.000025 seconds.
  path: Assets/sprites/downloaded/Toon Muzzleflash Pack/Example Prefabs/Toon Muzzleflash 18.prefab
  artifactKey: Guid(ae12d87e2c868584f91d48cab717fe2b) Importer(815301076,1909f56bfc062723c751e8b465ee728b)
Start importing Assets/sprites/downloaded/Toon Muzzleflash Pack/Example Prefabs/Toon Muzzleflash 18.prefab using Guid(ae12d87e2c868584f91d48cab717fe2b) Importer(815301076,1909f56bfc062723c751e8b465ee728b) [PhysX] Initialized MultithreadedTaskDispatcher with 12 workers.
[PhysX] Initialized MultithreadedTaskDispatcher with 12 workers.
 -> (artifact id: 'cb18232f888c2fde1adfc89eba6cc3a3') in 0.016119 seconds
Number of updated asset objects reloaded before import = 0
Number of asset objects unloaded after import = 21
========================================================================
Received Import Request.
  Time since last request: 0.000021 seconds.
  path: Assets/sprites/downloaded/Toon Muzzleflash Pack/Example Prefabs/Toon Muzzleflash 14.prefab
  artifactKey: Guid(4e7bc0a8b112c984fb16cf716888808f) Importer(815301076,1909f56bfc062723c751e8b465ee728b)
Start importing Assets/sprites/downloaded/Toon Muzzleflash Pack/Example Prefabs/Toon Muzzleflash 14.prefab using Guid(4e7bc0a8b112c984fb16cf716888808f) Importer(815301076,1909f56bfc062723c751e8b465ee728b) [PhysX] Initialized MultithreadedTaskDispatcher with 12 workers.
[PhysX] Initialized MultithreadedTaskDispatcher with 12 workers.
 -> (artifact id: 'f118dce938d3b9f8288cca49b292d46d') in 0.016208 seconds
Number of updated asset objects reloaded before import = 0
Number of asset objects unloaded after import = 16
========================================================================
Received Import Request.
  Time since last request: 0.000022 seconds.
  path: Assets/sprites/downloaded/Toon Muzzleflash Pack/Example Prefabs/Toon Muzzleflash 23.prefab
  artifactKey: Guid(2a6737be3bff6b9488d9fee716390668) Importer(815301076,1909f56bfc062723c751e8b465ee728b)
Start importing Assets/sprites/downloaded/Toon Muzzleflash Pack/Example Prefabs/Toon Muzzleflash 23.prefab using Guid(2a6737be3bff6b9488d9fee716390668) Importer(815301076,1909f56bfc062723c751e8b465ee728b) [PhysX] Initialized MultithreadedTaskDispatcher with 12 workers.
[PhysX] Initialized MultithreadedTaskDispatcher with 12 workers.
 -> (artifact id: '06c1536bfe540353d4c450c4a9b747e5') in 0.017720 seconds
Number of updated asset objects reloaded before import = 0
Number of asset objects unloaded after import = 21
========================================================================
Received Import Request.
  Time since last request: 18.320143 seconds.
  path: Assets/sprites/downloaded/Toon Muzzleflash Pack/Components/Spritesheets
  artifactKey: Guid(99ca5f0179609b14b86ce55a08a56825) Importer(815301076,1909f56bfc062723c751e8b465ee728b)
Start importing Assets/sprites/downloaded/Toon Muzzleflash Pack/Components/Spritesheets using Guid(99ca5f0179609b14b86ce55a08a56825) Importer(815301076,1909f56bfc062723c751e8b465ee728b) [PhysX] Initialized MultithreadedTaskDispatcher with 12 workers.
 -> (artifact id: 'a1a65b1d1079054b2c42df90fddf685c') in 0.000540 seconds
Number of updated asset objects reloaded before import = 0
Number of asset objects unloaded after import = 0
========================================================================
Received Import Request.
  Time since last request: 1.274531 seconds.
  path: Assets/sprites/downloaded/Toon Muzzleflash Pack/Components/Spritesheets/Side
  artifactKey: Guid(60c605ac1be64b24493911ad7c58d8af) Importer(815301076,1909f56bfc062723c751e8b465ee728b)
Start importing Assets/sprites/downloaded/Toon Muzzleflash Pack/Components/Spritesheets/Side using Guid(60c605ac1be64b24493911ad7c58d8af) Importer(815301076,1909f56bfc062723c751e8b465ee728b) [PhysX] Initialized MultithreadedTaskDispatcher with 12 workers.
 -> (artifact id: 'cd6da53abee4cc4184494d092bcffb18') in 0.000440 seconds
Number of updated asset objects reloaded before import = 0
Number of asset objects unloaded after import = 0
========================================================================
Received Import Request.
  Time since last request: 0.047593 seconds.
  path: Assets/sprites/downloaded/Toon Muzzleflash Pack/Components/Spritesheets/Side/toon_muzzleflash_side_spritesheet_1.png
  artifactKey: Guid(e91c78da749a5d44db424d8dbc3d09d2) Importer(815301076,1909f56bfc062723c751e8b465ee728b)
Start importing Assets/sprites/downloaded/Toon Muzzleflash Pack/Components/Spritesheets/Side/toon_muzzleflash_side_spritesheet_1.png using Guid(e91c78da749a5d44db424d8dbc3d09d2) Importer(815301076,1909f56bfc062723c751e8b465ee728b) [PhysX] Initialized MultithreadedTaskDispatcher with 12 workers.
[PhysX] Initialized MultithreadedTaskDispatcher with 12 workers.
 -> (artifact id: 'fa8e7a4016e506107852c820c0c79367') in 0.043911 seconds
Number of updated asset objects reloaded before import = 0
Number of asset objects unloaded after import = 11
========================================================================
Received Import Request.
  Time since last request: 0.000021 seconds.
  path: Assets/sprites/downloaded/Toon Muzzleflash Pack/Components/Spritesheets/Side/toon_muzzleflash_side_spritesheet_4.png
  artifactKey: Guid(f1163af3b1501ea4fb235e43fe0d8ec4) Importer(815301076,1909f56bfc062723c751e8b465ee728b)
Start importing Assets/sprites/downloaded/Toon Muzzleflash Pack/Components/Spritesheets/Side/toon_muzzleflash_side_spritesheet_4.png using Guid(f1163af3b1501ea4fb235e43fe0d8ec4) Importer(815301076,1909f56bfc062723c751e8b465ee728b) [PhysX] Initialized MultithreadedTaskDispatcher with 12 workers.
[PhysX] Initialized MultithreadedTaskDispatcher with 12 workers.
 -> (artifact id: '1c3dab584929532d8fbe428e12d6b15d') in 0.043444 seconds
Number of updated asset objects reloaded before import = 0
Number of asset objects unloaded after import = 11
Editor requested this worker to shutdown with reason: Scaling down because of idle timeout
TcpMessagingSession - receive error: operation aborted. errorcode: 995, details:  /   -       .
AssetImportWorker is now disconnected from the server
Process exiting
Exiting without the bug reporter. Application will terminate with return code 0